\BOOKMARK [1][-]{section.1}{Fichier \351quations}{}% 1
\BOOKMARK [2][-]{subsection.1.1}{Recherche des nullclines}{section.1}% 2
\BOOKMARK [3][-]{subsubsection.1.1.1}{R\351solution par la m\351thode de Cardan}{subsection.1.1}% 3
\BOOKMARK [4][-]{paragraph.1.1.1.1}{1 > 0}{subsubsection.1.1.1}% 4
\BOOKMARK [4][-]{paragraph.1.1.1.2}{1 = 0}{subsubsection.1.1.1}% 5
\BOOKMARK [4][-]{paragraph.1.1.1.3}{1 < 0}{subsubsection.1.1.1}% 6
\BOOKMARK [3][-]{subsubsection.1.1.2}{R\351sultats}{subsection.1.1}% 7
\BOOKMARK [2][-]{subsection.1.2}{Stabilit\351 et bifurcations}{section.1}% 8
\BOOKMARK [3][-]{subsubsection.1.2.1}{Matrice Jacobienne du syst\350me}{subsection.1.2}% 9
\BOOKMARK [3][-]{subsubsection.1.2.2}{Expression des valeurs propres}{subsection.1.2}% 10
\BOOKMARK [3][-]{subsubsection.1.2.3}{Condition pour avoir des valeurs propres complexes conjugu\351es}{subsection.1.2}% 11
\BOOKMARK [3][-]{subsubsection.1.2.4}{Condition alg\351brique pour une bifurcation pli}{subsection.1.2}% 12
\BOOKMARK [4][-]{figure.caption.6}{Interpr\351tation avec le diagramme de bifurcation Lg}{subsubsection.1.2.4}% 13
\BOOKMARK [4][-]{figure.caption.7}{Interpr\351tation avec le diagramme de bifurcation Lg}{subsubsection.1.2.4}% 14
\BOOKMARK [3][-]{subsubsection.1.2.5}{Condition alg\351brique pour une bifurcation de Hopf}{subsection.1.2}% 15
\BOOKMARK [3][-]{subsubsection.1.2.6}{R\351sum\351 des stabilit\351s et des bifurcations}{subsection.1.2}% 16
\BOOKMARK [2][-]{subsection.1.3}{Quelques simulations pour Iap entre -2 et 10}{section.1}% 17
\BOOKMARK [3][-]{subsubsection.1.3.1}{Iap entre -2 et -1}{subsection.1.3}% 18
\BOOKMARK [3][-]{subsubsection.1.3.2}{\300 Iap=-1}{subsection.1.3}% 19
\BOOKMARK [3][-]{subsubsection.1.3.3}{Iap entre -1 et -0.5672}{subsection.1.3}% 20
\BOOKMARK [3][-]{subsubsection.1.3.4}{Iap entre -0.5672 et 0.185}{subsection.1.3}% 21
\BOOKMARK [3][-]{subsubsection.1.3.5}{\300 Iap=0.185}{subsection.1.3}% 22
\BOOKMARK [3][-]{subsubsection.1.3.6}{Iap entre 0.185 et 7.9}{subsection.1.3}% 23
\BOOKMARK [3][-]{subsubsection.1.3.7}{Iap entre 7.9 et 10}{subsection.1.3}% 24
\BOOKMARK [2][-]{subsection.1.4}{Pour r\351sumer}{section.1}% 25
